<?xml version="1.0" encoding="UTF-8"?>
<testng-results skipped="0" failed="0" ignored="0" total="1" passed="1">
  <reporter-output>
  </reporter-output>
  <suite name="Default suite" duration-ms="113020" started-at="2018-11-30T18:26:19Z" finished-at="2018-11-30T18:28:12Z">
    <groups>
    </groups>
    <test name="Default test" duration-ms="113020" started-at="2018-11-30T18:26:19Z" finished-at="2018-11-30T18:28:12Z">
      <class name="com.gridtest.ChromeGridTest">
        <test-method status="PASS" signature="runFirefox()[pri:0, instance:com.gridtest.ChromeGridTest@55f3ddb1]" name="runFirefox" duration-ms="112972" started-at="2018-11-30T18:26:19Z" finished-at="2018-11-30T18:28:12Z">
          <reporter-output>
          </reporter-output>
        </test-method> <!-- runFirefox -->
      </class> <!-- com.gridtest.ChromeGridTest -->
    </test> <!-- Default test -->
  </suite> <!-- Default suite -->
</testng-results>
